Running altool at path '/Applications/Xcode_16.4.app/Contents/SharedFrameworks/ContentDeliveryServices.framework/Frameworks/AppStoreService.framework/Support/altool'...
2026-04-03 10:55:44.216 ERROR: [altool.6000012481C0] [ContentDelivery.Uploader.6000012481C0] Validation failed (409) Invalid Pre-Release Train. The train version '1.0.1' is closed for new build submissions (ID: dc490130-c364-4e34-b34e-c4aa0e0c509d)
2026-04-03 10:55:44.217 ERROR: [altool.6000012481C0] [ContentDelivery.Uploader.6000012481C0] Validation failed (409) This bundle is invalid. The value for key CFBundleShortVersionString [1.0.1] in the Info.plist file must contain a higher version than that of the previously approved version [1.0.1]. Please find more information about CFBundleShortVersionString at https://developer.apple.com/documentation/bundleresources/information_property_list/cfbundleshortversionstring (ID: bb795374-71d9-4679-ac8a-34ecb5720a18)
2026-04-03 10:55:54.641  INFO: [altool.6000012481C0] [ContentDelivery.Uploader.6000012481C0] 
=======================================
UPLOAD FAILED with 2 errors, 0 warnings, 0 messages
=======================================
2026-04-03 10:55:54.642 ERROR: [altool.6000012481C0] Error uploading 'ToolsCleanApp.ipa/ToolsCleanApp.ipa'.
2026-04-03 10:55:54.643 ERROR: [altool.6000012481C0] Validation failed Invalid Pre-Release Train. The train version '1.0.1' is closed for new build submissions (ID: dc490130-c364-4e34-b34e-c4aa0e0c509d) (409)
 {
    NSLocalizedDescription = "Validation failed";
    NSLocalizedFailureReason = "Invalid Pre-Release Train. The train version '1.0.1' is closed for new build submissions (ID: dc490130-c364-4e34-b34e-c4aa0e0c509d)";
    NSUnderlyingError = "Error Domain=IrisAPI Code=-19241 \"Validation failed\" UserInfo={status=409, detail=Invalid Pre-Release Train. The train version '1.0.1' is closed for new build submissions, id=dc490130-c364-4e34-b34e-c4aa0e0c509d, code=STATE_ERROR.VALIDATION_ERROR, title=Validation failed, NSLocalizedFailureReason=Invalid Pre-Release Train. The train version '1.0.1' is closed for new build submissions, NSLocalizedDescription=Validation failed}";
    "iris-code" = "STATE_ERROR.VALIDATION_ERROR";
}
2026-04-03 10:55:54.643 ERROR: [altool.6000012481C0] Validation failed This bundle is invalid. The value for key CFBundleShortVersionString [1.0.1] in the Info.plist file must contain a higher version than that of the previously approved version [1.0.1]. Please find more information about CFBundleShortVersionString at https://developer.apple.com/documentation/bundleresources/information_property_list/cfbundleshortversionstring (ID: bb795374-71d9-4679-ac8a-34ecb5720a18) (409)
 {
    NSLocalizedDescription = "Validation failed";
    NSLocalizedFailureReason = "This bundle is invalid. The value for key CFBundleShortVersionString [1.0.1] in the Info.plist file must contain a higher version than that of the previously approved version [1.0.1]. Please find more information about CFBundleShortVersionString at https://developer.apple.com/documentation/bundleresources/information_property_list/cfbundleshortversionstring (ID: bb795374-71d9-4679-ac8a-34ecb5720a18)";
    NSUnderlyingError = "Error Domain=IrisAPI Code=-19241 \"Validation failed\" UserInfo={status=409, detail=This bundle is invalid. The value for key CFBundleShortVersionString [1.0.1] in the Info.plist file must contain a higher version than that of the previously approved version [1.0.1]. Please find more information about CFBundleShortVersionString at https://developer.apple.com/documentation/bundleresources/information_property_list/cfbundleshortversionstring, id=bb795374-71d9-4679-ac8a-34ecb5720a18, code=STATE_ERROR.VALIDATION_ERROR, title=Validation failed, NSLocalizedFailureReason=This bundle is invalid. The value for key CFBundleShortVersionString [1.0.1] in the Info.plist file must contain a higher version than that of the previously approved version [1.0.1]. Please find more information about CFBundleShortVersionString at https://developer.apple.com/documentation/bundleresources/information_property_list/cfbundleshortversionstring, NSLocalizedDescription=Validation failed}";
    "iris-code" = "STATE_ERROR.VALIDATION_ERROR";
}
