Running altool at path '/Applications/Xcode_16.4.app/Contents/SharedFrameworks/ContentDeliveryServices.framework/Frameworks/AppStoreService.framework/Support/altool'...
2026-04-03 09:10:16.809 ERROR: [altool.600001644080] [ContentDelivery.Uploader.600001644080] Validation failed (409) Invalid Version. The build with the version “1.0.1” can’t be imported because a later version has been closed for new build submissions. Choose a different version number. (ID: b49d066d-3462-4fed-b93b-e158cba67bf2)
2026-04-03 09:10:16.810 ERROR: [altool.600001644080] [ContentDelivery.Uploader.600001644080] Validation failed (409) Invalid Pre-Release Train. The train version '1.0.0' is closed for new build submissions (ID: 3c9e1b8a-fc2e-42a9-a110-a9bb6087e48c)
2026-04-03 09:10:16.810 ERROR: [altool.600001644080] [ContentDelivery.Uploader.600001644080] Validation failed (409) This bundle is invalid. The value for key CFBundleShortVersionString [1.0.0] in the Info.plist file must contain a higher version than that of the previously approved version [1.0.1]. Please find more information about CFBundleShortVersionString at https://developer.apple.com/documentation/bundleresources/information_property_list/cfbundleshortversionstring (ID: 58a6dbae-2f32-461c-81ce-93095312d44c)
2026-04-03 09:10:27.515  INFO: [altool.600001644080] [ContentDelivery.Uploader.600001644080] 
=======================================
UPLOAD FAILED with 3 errors, 0 warnings, 0 messages
=======================================
2026-04-03 09:10:27.517 ERROR: [altool.600001644080] Error uploading 'ToolsCleanApp.ipa/ToolsCleanApp.ipa'.
2026-04-03 09:10:27.517 ERROR: [altool.600001644080] Validation failed Invalid Version. The build with the version “1.0.1” can’t be imported because a later version has been closed for new build submissions. Choose a different version number. (ID: b49d066d-3462-4fed-b93b-e158cba67bf2) (409)
 {
    NSLocalizedDescription = "Validation failed";
    NSLocalizedFailureReason = "Invalid Version. The build with the version \U201c1.0.1\U201d can\U2019t be imported because a later version has been closed for new build submissions. Choose a different version number. (ID: b49d066d-3462-4fed-b93b-e158cba67bf2)";
    NSUnderlyingError = "Error Domain=IrisAPI Code=-19241 \"Validation failed\" UserInfo={status=409, detail=Invalid Version. The build with the version \U201c1.0.1\U201d can\U2019t be imported because a later version has been closed for new build submissions. Choose a different version number., id=b49d066d-3462-4fed-b93b-e158cba67bf2, code=STATE_ERROR.VALIDATION_ERROR, title=Validation failed, NSLocalizedFailureReason=Invalid Version. The build with the version \U201c1.0.1\U201d can\U2019t be imported because a later version has been closed for new build submissions. Choose a different version number., NSLocalizedDescription=Validation failed}";
    "iris-code" = "STATE_ERROR.VALIDATION_ERROR";
}
2026-04-03 09:10:27.517 ERROR: [altool.600001644080] Validation failed Invalid Pre-Release Train. The train version '1.0.0' is closed for new build submissions (ID: 3c9e1b8a-fc2e-42a9-a110-a9bb6087e48c) (409)
 {
    NSLocalizedDescription = "Validation failed";
    NSLocalizedFailureReason = "Invalid Pre-Release Train. The train version '1.0.0' is closed for new build submissions (ID: 3c9e1b8a-fc2e-42a9-a110-a9bb6087e48c)";
    NSUnderlyingError = "Error Domain=IrisAPI Code=-19241 \"Validation failed\" UserInfo={status=409, detail=Invalid Pre-Release Train. The train version '1.0.0' is closed for new build submissions, id=3c9e1b8a-fc2e-42a9-a110-a9bb6087e48c, code=STATE_ERROR.VALIDATION_ERROR, title=Validation failed, NSLocalizedFailureReason=Invalid Pre-Release Train. The train version '1.0.0' is closed for new build submissions, NSLocalizedDescription=Validation failed}";
    "iris-code" = "STATE_ERROR.VALIDATION_ERROR";
}
2026-04-03 09:10:27.517 ERROR: [altool.600001644080] Validation failed This bundle is invalid. The value for key CFBundleShortVersionString [1.0.0] in the Info.plist file must contain a higher version than that of the previously approved version [1.0.1]. Please find more information about CFBundleShortVersionString at https://developer.apple.com/documentation/bundleresources/information_property_list/cfbundleshortversionstring (ID: 58a6dbae-2f32-461c-81ce-93095312d44c) (409)
 {
    NSLocalizedDescription = "Validation failed";
    NSLocalizedFailureReason = "This bundle is invalid. The value for key CFBundleShortVersionString [1.0.0] in the Info.plist file must contain a higher version than that of the previously approved version [1.0.1]. Please find more information about CFBundleShortVersionString at https://developer.apple.com/documentation/bundleresources/information_property_list/cfbundleshortversionstring (ID: 58a6dbae-2f32-461c-81ce-93095312d44c)";
    NSUnderlyingError = "Error Domain=IrisAPI Code=-19241 \"Validation failed\" UserInfo={status=409, detail=This bundle is invalid. The value for key CFBundleShortVersionString [1.0.0] in the Info.plist file must contain a higher version than that of the previously approved version [1.0.1]. Please find more information about CFBundleShortVersionString at https://developer.apple.com/documentation/bundleresources/information_property_list/cfbundleshortversionstring, id=58a6dbae-2f32-461c-81ce-93095312d44c, code=STATE_ERROR.VALIDATION_ERROR, title=Validation failed, NSLocalizedFailureReason=This bundle is invalid. The value for key CFBundleShortVersionString [1.0.0] in the Info.plist file must contain a higher version than that of the previously approved version [1.0.1]. Please find more information about CFBundleShortVersionString at https://developer.apple.com/documentation/bundleresources/information_property_list/cfbundleshortversionstring, NSLocalizedDescription=Validation failed}";
    "iris-code" = "STATE_ERROR.VALIDATION_ERROR";
}
