Running altool at path '/Applications/Xcode_26.3.app/Contents/SharedFrameworks/ContentDelivery.framework/Resources/altool'...

2026-04-17 12:51:54.924 ERROR: [ContentDelivery.Uploader.6000027D8040] 
=======================================
UPLOAD FAILED with 3 errors
=======================================
2026-04-17 12:51:54.925 ERROR: [altool.6000027D8040] Validation failed (409) Invalid Version. The build with the version “1.0.2” can’t be imported because a later version has been closed for new build submissions. Choose a different version number. (ID: c4714855-292e-4714-b652-14efee20b6f5)
   NSUnderlyingError : Validation failed (-19241) Invalid Version. The build with the version “1.0.2” can’t be imported because a later version has been closed for new build submissions. Choose a different version number.
      status : 409
      detail : Invalid Version. The build with the version “1.0.2” can’t be imported because a later version has been closed for new build submissions. Choose a different version number.
      id : c4714855-292e-4714-b652-14efee20b6f5
      code : STATE_ERROR.VALIDATION_ERROR
      title : Validation failed
   iris-code : STATE_ERROR.VALIDATION_ERROR
Validation failed (409) Invalid Pre-Release Train. The train version '1.0.0' is closed for new build submissions (ID: e6381741-ed8a-49ff-a275-9e4d14c477bf)
   NSUnderlyingError : Validation failed (-19241) Invalid Pre-Release Train. The train version '1.0.0' is closed for new build submissions
      status : 409
      detail : Invalid Pre-Release Train. The train version '1.0.0' is closed for new build submissions
      id : e6381741-ed8a-49ff-a275-9e4d14c477bf
      code : STATE_ERROR.VALIDATION_ERROR
      title : Validation failed
   iris-code : STATE_ERROR.VALIDATION_ERROR
Validation failed (409) This bundle is invalid. The value for key CFBundleShortVersionString [1.0.0] in the Info.plist file must contain a higher version than that of the previously approved version [1.0.2]. Please find more information about CFBundleShortVersionString at https://developer.apple.com/documentation/bundleresources/information_property_list/cfbundleshortversionstring (ID: 43b30035-4994-4fa6-aa45-b9f6f0e01706)
   NSUnderlyingError : Validation failed (-19241) This bundle is invalid. The value for key CFBundleShortVersionString [1.0.0] in the Info.plist file must contain a higher version than that of the previously approved version [1.0.2]. Please find more information about CFBundleShortVersionString at https://developer.apple.com/documentation/bundleresources/information_property_list/cfbundleshortversionstring
      status : 409
      detail : This bundle is invalid. The value for key CFBundleShortVersionString [1.0.0] in the Info.plist file must contain a higher version than that of the previously approved version [1.0.2]. Please find more information about CFBundleShortVersionString at https://developer.apple.com/documentation/bundleresources/information_property_list/cfbundleshortversionstring
      id : 43b30035-4994-4fa6-aa45-b9f6f0e01706
      code : STATE_ERROR.VALIDATION_ERROR
      title : Validation failed
   iris-code : STATE_ERROR.VALIDATION_ERROR
Failed to upload package.
