Command line invocation:
    /Applications/Xcode_26.3.app/Contents/Developer/usr/bin/xcodebuild archive -workspace ./NanoArt.xcworkspace -scheme NanoArt -configuration Release -destination generic/platform=iOS -archivePath /Users/runner/work/NanoArt/NanoArt/build.xcarchive

ComputePackagePrebuildTargetDependencyGraph

Prepare packages

CreateBuildRequest

SendProjectDescription

CreateBuildOperation

ComputeTargetDependencyGraph
note: Building targets in dependency order
note: Target dependency graph (11 targets)
    Target 'NanoArt' in project 'NanoArt'
        ➜ Implicit dependency on target 'Pods-NanoArt' in project 'Pods' via file 'Pods_NanoArt.framework' in build phase 'Link Binary'
        ➜ Implicit dependency on target 'AliyunOSSiOS' in project 'Pods' via options '-framework AliyunOSSiOS' in build setting 'OTHER_LDFLAGS'
        ➜ Implicit dependency on target 'lottie-ios' in project 'Pods' via options '-framework Lottie' in build setting 'OTHER_LDFLAGS'
        ➜ Implicit dependency on target 'SubscriptionKit' in project 'Pods' via options '-framework SubscriptionKit' in build setting 'OTHER_LDFLAGS'
    Target 'Pods-NanoArt' in project 'Pods'
        ➜ Explicit dependency on target 'AliyunOSSiOS' in project 'Pods'
        ➜ Explicit dependency on target 'SubscriptionKit' in project 'Pods'
        ➜ Explicit dependency on target 'UMAPM' in project 'Pods'
        ➜ Explicit dependency on target 'UMCommon' in project 'Pods'
        ➜ Explicit dependency on target 'UMDevice' in project 'Pods'
        ➜ Explicit dependency on target 'lottie-ios' in project 'Pods'
    Target 'SubscriptionKit' in project 'Pods'
        ➜ Explicit dependency on target 'SubscriptionKit-SubscriptionKit' in project 'Pods'
        ➜ Explicit dependency on target 'UMAPM' in project 'Pods'
        ➜ Explicit dependency on target 'UMCommon' in project 'Pods'
        ➜ Explicit dependency on target 'UMDevice' in project 'Pods'
        ➜ Explicit dependency on target 'lottie-ios' in project 'Pods'
    Target 'lottie-ios' in project 'Pods'
        ➜ Explicit dependency on target 'lottie-ios-LottiePrivacyInfo' in project 'Pods'
    Target 'lottie-ios-LottiePrivacyInfo' in project 'Pods' (no dependencies)
    Target 'UMAPM' in project 'Pods'
        ➜ Explicit dependency on target 'UMCommon' in project 'Pods'
    Target 'UMCommon' in project 'Pods'
        ➜ Explicit dependency on target 'UMDevice' in project 'Pods'
    Target 'UMDevice' in project 'Pods' (no dependencies)
    Target 'SubscriptionKit-SubscriptionKit' in project 'Pods' (no dependencies)
    Target 'AliyunOSSiOS' in project 'Pods'
        ➜ Explicit dependency on target 'AliyunOSSiOS-AliyunOSSiOS_Privacy' in project 'Pods'
    Target 'AliyunOSSiOS-AliyunOSSiOS_Privacy' in project 'Pods' (no dependencies)

GatherProvisioningInputs

CreateBuildDescription

ExecuteExternalTool /Applications/Xcode_26.3.app/Contents/Developer/Toolchains/XcodeDefault.xctoolchain/usr/bin/clang -v -E -dM -isysroot /Applications/Xcode_26.3.app/Contents/Developer/Platforms/iPhoneOS.platform/Developer/SDKs/iPhoneOS26.2.sdk -x c -c /dev/null

ExecuteExternalTool /Applications/Xcode_26.3.app/Contents/Developer/Toolchains/XcodeDefault.xctoolchain/usr/bin/clang -v -E -dM -arch arm64 -isysroot /Applications/Xcode_26.3.app/Contents/Developer/Platforms/iPhoneOS.platform/Developer/SDKs/iPhoneOS26.2.sdk -x c -c /dev/null

ExecuteExternalTool /Applications/Xcode_26.3.app/Contents/Developer/usr/bin/ibtool --version --output-format xml1

ExecuteExternalTool /Applications/Xcode_26.3.app/Contents/Developer/usr/bin/actool --print-asset-tag-combinations --output-format xml1 /Users/runner/work/NanoArt/NanoArt/NanoArt/Assets.xcassets

ExecuteExternalTool /Applications/Xcode_26.3.app/Contents/Developer/Toolchains/XcodeDefault.xctoolchain/usr/bin/clang -v -E -dM -arch arm64 -isysroot /Applications/Xcode_26.3.app/Contents/Developer/Platforms/iPhoneOS.platform/Developer/SDKs/iPhoneOS26.2.sdk -x objective-c -c /dev/null

ExecuteExternalTool /Applications/Xcode_26.3.app/Contents/Developer/Toolchains/XcodeDefault.xctoolchain/usr/bin/libtool -V

ExecuteExternalTool /Applications/Xcode_26.3.app/Contents/Developer/Toolchains/XcodeDefault.xctoolchain/usr/bin/swiftc --version

ExecuteExternalTool /Applications/Xcode_26.3.app/Contents/Developer/Toolchains/XcodeDefault.xctoolchain/usr/bin/ld -version_details

ExecuteExternalTool /Applications/Xcode_26.3.app/Contents/Developer/usr/bin/actool --version --output-format xml1

Build description signature: 69d067c381a10e94427410a084249bb6
Build description path: /Users/runner/Library/Developer/Xcode/DerivedData/NanoArt-ccftknkezmgibyfjrfrduwnxgdzu/Build/Intermediates.noindex/ArchiveIntermediates/NanoArt/IntermediateBuildFilesPath/XCBuildData/69d067c381a10e94427410a084249bb6.xcbuilddata
/Users/runner/work/NanoArt/NanoArt/NanoArt.xcodeproj: error: Provisioning profile "appstore-6756903903-20260507094820132" doesn't support the group.com.overall.tool.app App Group. (in target 'NanoArt' from project 'NanoArt')
/Users/runner/work/NanoArt/NanoArt/NanoArt.xcodeproj: error: Provisioning profile "appstore-6756903903-20260507094820132" doesn't match the entitlements file's value for the com.apple.security.application-groups entitlement. (in target 'NanoArt' from project 'NanoArt')
** ARCHIVE FAILED **


The following build commands failed:
	Archiving workspace NanoArt with scheme NanoArt
(1 failure)
