Running altool at path '/Applications/Xcode_26.3.app/Contents/SharedFrameworks/ContentDelivery.framework/Resources/altool'...

2026-04-16 07:41:43.884 ERROR: [ContentDelivery.Uploader.600000B18380] 
=======================================
UPLOAD FAILED with 2 errors
=======================================
2026-04-16 07:41:43.885 ERROR: [altool.600000B18380] Validation failed (409) Invalid Pre-Release Train. The train version '1.0.2' is closed for new build submissions (ID: 4e043a93-8d9d-4683-9635-bfddb0606752)
   NSUnderlyingError : Validation failed (-19241) Invalid Pre-Release Train. The train version '1.0.2' is closed for new build submissions
      status : 409
      detail : Invalid Pre-Release Train. The train version '1.0.2' is closed for new build submissions
      id : 4e043a93-8d9d-4683-9635-bfddb0606752
      code : STATE_ERROR.VALIDATION_ERROR
      title : Validation failed
   iris-code : STATE_ERROR.VALIDATION_ERROR
Validation failed (409) This bundle is invalid. The value for key CFBundleShortVersionString [1.0.2] in the Info.plist file must contain a higher version than that of the previously approved version [1.0.2]. Please find more information about CFBundleShortVersionString at https://developer.apple.com/documentation/bundleresources/information_property_list/cfbundleshortversionstring (ID: c21ccea4-d584-4831-b473-7ce5a35cd4bf)
   NSUnderlyingError : Validation failed (-19241) This bundle is invalid. The value for key CFBundleShortVersionString [1.0.2] in the Info.plist file must contain a higher version than that of the previously approved version [1.0.2]. Please find more information about CFBundleShortVersionString at https://developer.apple.com/documentation/bundleresources/information_property_list/cfbundleshortversionstring
      status : 409
      detail : This bundle is invalid. The value for key CFBundleShortVersionString [1.0.2] in the Info.plist file must contain a higher version than that of the previously approved version [1.0.2]. Please find more information about CFBundleShortVersionString at https://developer.apple.com/documentation/bundleresources/information_property_list/cfbundleshortversionstring
      id : c21ccea4-d584-4831-b473-7ce5a35cd4bf
      code : STATE_ERROR.VALIDATION_ERROR
      title : Validation failed
   iris-code : STATE_ERROR.VALIDATION_ERROR
Failed to upload package.
